23:56:11.630 [main] INFO  testCases.TC002_LoginTest - ***** FINISHED TC002_LoginTest ******
00:01:38.901 [main] INFO  testCases.TC002_LoginTest - ****** STARTING TC002_LoginTest *******
00:01:43.509 [main] INFO  testCases.TC002_LoginTest - ***** FINISHED TC002_LoginTest ******
00:03:38.670 [main] INFO  testCases.TC002_LoginTest - ****** STARTING TC002_LoginTest *******
10:46:46.819 [main] INFO  testCases.TC002_LoginTest - ****** STARTING TC002_LoginTest *******
10:46:49.894 [main] INFO  testCases.TC002_LoginTest - ***** FINISHED TC002_LoginTest ******
10:48:30.575 [main] INFO  testCases.TC002_LoginTest - ****** STARTING TC002_LoginTest *******
10:48:34.125 [main] INFO  testCases.TC002_LoginTest - ***** FINISHED TC002_LoginTest ******
10:49:48.502 [main] INFO  testCases.TC002_LoginTest - ****** STARTING TC002_LoginTest *******
10:52:34.839 [main] INFO  testCases.TC002_LoginTest - ****** STARTING TC002_LoginTest *******
10:55:08.943 [main] INFO  testCases.TC002_LoginTest - ****** STARTING TC002_LoginTest *******
11:12:21.978 [main] INFO  testCases.TC002_LoginTest - ****** STARTING TC002_LoginTest *******
11:15:03.464 [main] INFO  testCases.TC002_LoginTest - ****** STARTING TC002_LoginTest *******
11:15:14.730 [main] INFO  testCases.TC001_AccountRegistrationTest - ******* STARTING TC001_AccountRegistrationTest ********
11:15:15.024 [main] INFO  testCases.TC001_AccountRegistrationTest - Clicked on MyAccount link
11:15:15.872 [main] INFO  testCases.TC001_AccountRegistrationTest - Clicked on Register link
11:15:15.882 [main] INFO  testCases.TC001_AccountRegistrationTest - Providing customer details
11:15:18.815 [main] INFO  testCases.TC001_AccountRegistrationTest - Validating Expected Message
11:15:18.916 [main] INFO  testCases.TC001_AccountRegistrationTest - ****** FINISHED TC001_AccountRegistrationTest *******
11:16:48.952 [main] INFO  testCases.TC002_LoginTest - ****** STARTING TC002_LoginTest *******
11:17:33.968 [main] INFO  testCases.TC002_LoginTest - ****** STARTING TC002_LoginTest *******
